I:\TILLäMPAD LJUDTEKNIK\PROJEKT\SOUNDPROJECT\SOUNDPROJECT(2012)\SOUNDPROJECT(2012)\DEBUG\CAMERA.OBJ
I:\TILLäMPAD LJUDTEKNIK\PROJEKT\SOUNDPROJECT\SOUNDPROJECT(2012)\SOUNDPROJECT(2012)\DEBUG\LOADER.OBJ
I:\TILLäMPAD LJUDTEKNIK\PROJEKT\SOUNDPROJECT\SOUNDPROJECT(2012)\SOUNDPROJECT(2012)\DEBUG\MAIN.OBJ
I:\TILLäMPAD LJUDTEKNIK\PROJEKT\SOUNDPROJECT\SOUNDPROJECT(2012)\SOUNDPROJECT(2012)\DEBUG\OBJECT.OBJ
I:\TILLäMPAD LJUDTEKNIK\PROJEKT\SOUNDPROJECT\SOUNDPROJECT(2012)\SOUNDPROJECT(2012)\DEBUG\TERRAIN.OBJ
I:\TILLÄMPAD LJUDTEKNIK\PROJEKT\SOUNDPROJECT\SOUNDPROJECT(2012)\SOUNDPROJECT(2012)\DEBUG\VC110.PDB
I:\TILLäMPAD LJUDTEKNIK\PROJEKT\SOUNDPROJECT\SOUNDPROJECT(2012)\SOUNDPROJECT(2012)\DEBUG\OBJHANDLER.OBJ
坞牯摬昮൸䤊尺楔汬꓃灭摡氠番瑤步楮屫牐橯步屴潓湵偤潲敪瑣㈨㄰⤲䑜扥杵坜牯摬挮潳਍坞牯摬昮൸䤊尺楔汬꓃灭摡氠番瑤步楮屫牐橯步屴潓湵偤潲敪瑣㈨㄰⤲䑜扥杵坜牯摬挮潳਍坞牯摬昮൸䤊尺楔汬꓃灭摡氠番瑤步楮屫牐橯步屴潓湵偤潲敪瑣㈨㄰⤲䑜扥杵坜牯摬挮潳਍坞牯摬昮൸䤊尺楔汬꓃灭摡氠番瑤步楮屫牐橯步屴潓湵偤潲敪瑣㈨㄰⤲䑜扥杵坜牯摬挮潳਍坞牯摬昮൸䤊尺楔汬꓃灭摡氠番瑤步楮屫牐橯步屴潓湵偤潲敪瑣㈨㄰⤲䑜扥杵坜牯摬挮潳਍坞牯摬昮൸䤊尺楔汬꓃灭摡氠番瑤步楮屫牐橯步屴潓湵偤潲敪瑣㈨㄰⤲䑜扥杵坜牯摬挮潳਍坞牯摬昮൸䤊尺楔汬꓃灭摡氠番瑤步楮屫牐橯步屴潓湵偤潲敪瑣㈨㄰⤲䑜扥杵坜牯摬挮潳਍坞牯摬昮൸䤊尺楔汬꓃灭摡氠番瑤步楮屫牐橯步屴潓湵偤潲敪瑣㈨㄰⤲䑜扥杵坜牯摬挮潳਍坞牯摬昮൸䤊尺楔汬꓃灭摡氠番瑤步楮屫牐橯步屴潓湵偤潲敪瑣㈨㄰⤲䑜扥杵坜牯摬挮潳਍坞牯摬昮൸䤊尺楔汬꓃灭摡氠番瑤步楮屫牐橯步屴潓湵偤潲敪瑣㈨㄰⤲䑜扥杵坜牯摬挮潳਍坞牯摬昮൸䤊尺楔汬꓃灭摡氠番瑤步楮屫牐橯步屴潓湵偤潲敪瑣㈨㄰⤲䑜扥杵坜牯摬挮潳਍坞牯摬昮൸䤊尺楔汬꓃灭摡氠番瑤步楮屫牐橯步屴潓湵偤潲敪瑣㈨㄰⤲䑜扥杵坜牯摬挮潳਍坞牯摬昮൸䤊尺楔汬꓃灭摡氠番瑤步楮屫牐橯步屴潓湵偤潲敪瑣㈨㄰⤲䑜扥杵坜牯摬挮潳਍坞牯摬昮൸䤊尺楔汬꓃灭摡氠番瑤步楮屫牐橯步屴潓湵偤潲敪瑣㈨㄰⤲䑜扥杵坜牯摬挮潳਍坞牯摬昮൸䤊尺楔汬꓃灭摡氠番瑤步楮屫牐橯步屴潓湵偤潲敪瑣㈨㄰⤲䑜扥杵坜牯摬挮潳਍坞牯摬昮൸䤊尺楔汬꓃灭摡氠番瑤步楮屫牐橯步屴潓湵偤潲敪瑣㈨㄰⤲䑜扥杵坜牯摬挮潳਍坞牯摬昮൸䤊尺楔汬꓃灭摡氠番瑤步楮屫牐橯步屴潓湵偤潲敪瑣㈨㄰⤲䑜扥杵坜牯摬挮潳਍坞牯摬昮൸䤊尺楔汬꓃灭摡氠番瑤步楮屫牐橯步屴潓湵偤潲敪瑣㈨㄰⤲䑜扥杵坜牯摬挮潳਍坞牯摬昮൸䤊尺楔汬꓃灭摡氠番瑤步楮屫牐橯步屴潓湵偤潲敪瑣㈨㄰⤲䑜扥杵坜牯摬挮潳਍坞牯摬昮൸䤊尺楔汬꓃灭摡氠番瑤步楮屫牐橯步屴潓湵偤潲敪瑣㈨㄰⤲䑜扥杵坜牯摬挮潳਍坞牯摬昮൸䤊尺楔汬꓃灭摡氠番瑤步楮屫牐橯步屴潓湵偤潲敪瑣㈨㄰⤲䑜扥杵坜牯摬挮潳਍坞牯摬昮൸䤊尺楔汬꓃灭摡氠番瑤步楮屫牐橯步屴潓湵偤潲敪瑣㈨㄰⤲䑜扥杵坜牯摬挮潳਍坞牯摬昮൸䤊尺楔汬꓃灭摡氠番瑤步楮屫牐橯步屴潓湵偤潲敪瑣㈨㄰⤲䑜扥杵坜牯摬挮潳਍坞牯摬昮൸䤊尺楔汬꓃灭摡氠番瑤步楮屫牐橯步屴潓湵偤潲敪瑣㈨㄰⤲䑜扥杵坜牯摬挮潳਍坞牯摬昮൸䤊尺楔汬꓃灭摡氠番瑤步楮屫牐橯步屴潓湵偤潲敪瑣㈨㄰⤲䑜扥杵坜牯摬挮潳਍坞牯摬昮൸䤊尺楔汬꓃灭摡氠番瑤步楮屫牐橯步屴潓湵偤潲敪瑣㈨㄰⤲䑜扥杵坜牯摬挮潳਍坞牯摬昮൸䤊尺楔汬꓃灭摡氠番瑤步楮屫牐橯步屴潓湵偤潲敪瑣㈨㄰⤲䑜扥杵坜牯摬挮潳਍坞牯摬昮൸䤊尺楔汬꓃灭摡氠番瑤步楮屫牐橯步屴潓湵偤潲敪瑣㈨㄰⤲䑜扥杵坜牯摬挮潳਍坞牯摬昮൸䤊尺楔汬꓃灭摡氠番瑤步楮屫牐橯步屴潓湵偤潲敪瑣㈨㄰⤲䑜扥杵坜牯摬挮潳਍坞牯摬昮൸䤊尺楔汬꓃灭摡氠番瑤步楮屫牐橯步屴潓湵偤潲敪瑣㈨㄰⤲䑜扥杵坜牯摬挮潳਍坞牯摬昮൸䤊尺楔汬꓃灭摡氠番瑤步楮屫牐橯步屴潓湵偤潲敪瑣㈨㄰⤲䑜扥杵坜牯摬挮潳਍坞牯摬昮൸䤊尺楔汬꓃灭摡氠番瑤步楮屫牐橯步屴潓湵偤潲敪瑣㈨㄰⤲䑜扥杵坜牯摬挮潳਍坞牯摬昮൸䤊尺楔汬꓃灭摡氠番瑤步楮屫牐橯步屴潓湵偤潲敪瑣㈨㄰⤲䑜扥杵坜牯摬挮潳਍坞牯摬昮൸䤊尺楔汬꓃灭摡氠番瑤步楮屫牐橯步屴潓湵偤潲敪瑣㈨㄰⤲䑜扥杵坜牯摬挮潳਍坞牯摬昮൸䤊尺楔汬꓃灭摡氠番瑤步楮屫牐橯步屴潓湵偤潲敪瑣㈨㄰⤲䑜扥杵坜牯摬挮潳਍坞牯摬昮൸䤊尺楔汬꓃灭摡氠番瑤步楮屫牐橯步屴潓湵偤潲敪瑣㈨㄰⤲䑜扥杵坜牯摬挮潳਍坞牯摬昮൸䤊尺楔汬꓃灭摡氠番瑤步楮屫牐橯步屴潓湵偤潲敪瑣㈨㄰⤲䑜扥杵坜牯摬挮潳਍坞牯摬昮൸䤊尺楔汬꓃灭摡氠番瑤步楮屫牐橯步屴潓湵偤潲敪瑣㈨㄰⤲䑜扥杵坜牯摬挮潳਍坞牯摬昮൸䤊尺楔汬꓃灭摡氠番瑤步楮屫牐橯步屴潓湵偤潲敪瑣㈨㄰⤲䑜扥杵坜牯摬挮潳਍坞牯摬昮൸䤊尺楔汬꓃灭摡氠番瑤步楮屫牐橯步屴潓湵偤潲敪瑣㈨㄰⤲䑜扥杵坜牯摬挮潳਍坞牯摬昮൸䤊尺楔汬꓃灭摡氠番瑤步楮屫牐橯步屴潓湵偤潲敪瑣㈨㄰⤲䑜扥杵坜牯摬挮潳਍坞牯摬昮൸䤊尺楔汬꓃灭摡氠番瑤步楮屫牐橯步屴潓湵偤潲敪瑣㈨㄰⤲䑜扥杵坜牯摬挮潳਍坞牯摬昮൸䤊尺楔汬꓃灭摡氠番瑤步楮屫牐橯步屴潓湵偤潲敪瑣㈨㄰⤲䑜扥杵坜牯摬挮潳਍坞牯摬昮൸䤊尺楔汬꓃灭摡氠番瑤步楮屫牐橯步屴潓湵偤潲敪瑣㈨㄰⤲䑜扥杵坜牯摬挮潳਍坞牯摬昮൸䤊尺楔汬꓃灭摡氠番瑤步楮屫牐橯步屴潓湵偤潲敪瑣㈨㄰⤲䑜扥杵坜牯摬挮潳਍坞牯摬昮൸䤊尺楔汬꓃灭摡氠番瑤步楮屫牐橯步屴潓湵偤潲敪瑣㈨㄰⤲䑜扥杵坜牯摬挮潳਍坞牯摬昮൸䤊尺楔汬꓃灭摡氠番瑤步楮屫牐橯步屴潓湵偤潲敪瑣㈨㄰⤲䑜扥杵坜牯摬挮潳਍坞牯摬昮൸䤊尺楔汬꓃灭摡氠番瑤步楮屫牐橯步屴潓湵偤潲敪瑣㈨㄰⤲䑜扥杵坜牯摬挮潳਍坞牯摬昮൸䤊尺楔汬꓃灭摡氠番瑤步楮屫牐橯步屴潓湵偤潲敪瑣㈨㄰⤲䑜扥杵坜牯摬挮潳਍坞牯摬昮൸䤊尺楔汬꓃灭摡氠番瑤步楮屫牐橯步屴潓湵偤潲敪瑣㈨㄰⤲䑜扥杵坜牯摬挮潳਍坞牯摬昮൸䤊尺楔汬꓃灭摡氠番瑤步楮屫牐橯步屴潓湵偤潲敪瑣㈨㄰⤲䑜扥杵坜牯摬挮潳਍坞牯摬昮൸䤊尺楔汬꓃灭摡氠番瑤步楮屫牐橯步屴潓湵偤潲敪瑣㈨㄰⤲䑜扥杵坜牯摬挮潳਍坞牯摬昮൸䤊尺楔汬꓃灭摡氠番瑤步楮屫牐橯步屴潓湵偤潲敪瑣㈨㄰⤲䑜扥杵坜牯摬挮潳਍坞牯摬昮൸䤊尺楔汬꓃灭摡氠番瑤步楮屫牐橯步屴潓湵偤潲敪瑣㈨㄰⤲䑜扥杵坜牯摬挮潳਍坞牯摬昮൸䤊尺楔汬꓃灭摡氠番瑤步楮屫牐橯步屴潓湵偤潲敪瑣㈨㄰⤲䑜扥杵坜牯摬挮潳਍坞牯摬昮൸䤊尺楔汬꓃灭摡氠番瑤步楮屫牐橯步屴潓湵偤潲敪瑣㈨㄰⤲䑜扥杵坜牯摬挮潳਍坞牯摬昮൸䤊尺楔汬꓃灭摡氠番瑤步楮屫牐橯步屴潓湵偤潲敪瑣㈨㄰⤲䑜扥杵坜牯摬挮潳਍坞牯摬昮൸䤊尺楔汬꓃灭摡氠番瑤步楮屫牐橯步屴潓湵偤潲敪瑣㈨㄰⤲䑜扥杵坜牯摬挮潳਍坞牯摬昮൸䤊尺楔汬꓃灭摡氠番瑤步楮屫牐橯步屴潓湵偤潲敪瑣㈨㄰⤲䑜扥杵坜牯摬挮潳਍坞牯摬昮൸䤊尺楔汬꓃灭摡氠番瑤步楮屫牐橯步屴潓湵偤潲敪瑣㈨㄰⤲䑜扥杵坜牯摬挮潳਍坞牯摬昮൸䤊尺楔汬꓃灭摡氠番瑤步楮屫牐橯步屴潓湵偤潲敪瑣㈨㄰⤲䑜扥杵坜牯摬挮潳਍坞牯摬昮൸䤊尺楔汬꓃灭摡氠番瑤步楮屫牐橯步屴潓湵偤潲敪瑣㈨㄰⤲䑜扥杵坜牯摬挮潳਍坞牯摬昮൸䤊尺楔汬꓃灭摡氠番瑤步楮屫牐橯步屴潓湵偤潲敪瑣㈨㄰⤲䑜扥杵坜牯摬挮潳਍坞牯摬昮൸䤊尺楔汬꓃灭摡氠番瑤步楮屫牐橯步屴潓湵偤潲敪瑣㈨㄰⤲䑜扥杵坜牯摬挮潳਍坞牯摬昮൸䤊尺楔汬꓃灭摡氠番瑤步楮屫牐橯步屴潓湵偤潲敪瑣㈨㄰⤲䑜扥杵坜牯摬挮潳਍坞牯摬昮൸䤊尺楔汬꓃灭摡氠番瑤步楮屫牐橯步屴潓湵偤潲敪瑣㈨㄰⤲䑜扥杵坜牯摬挮潳਍坞牯摬昮൸䤊尺楔汬꓃灭摡氠番瑤步楮屫牐橯步屴潓湵偤潲敪瑣㈨㄰⤲䑜扥杵坜牯摬挮潳਍坞牯摬昮൸䤊尺楔汬꓃灭摡氠番瑤步楮屫牐橯步屴潓湵偤潲敪瑣㈨㄰⤲䑜扥杵坜牯摬挮潳਍坞牯摬昮൸䤊尺楔汬꓃灭摡氠番瑤步楮屫牐橯步屴潓湵偤潲敪瑣㈨㄰⤲䑜扥杵坜牯摬挮潳਍坞牯摬昮൸䤊尺楔汬꓃灭摡氠番瑤步楮屫牐橯步屴潓湵偤潲敪瑣㈨㄰⤲䑜扥杵坜牯摬挮潳਍坞牯摬昮൸䤊尺楔汬꓃灭摡氠番瑤步楮屫牐橯步屴潓湵偤潲敪瑣㈨㄰⤲䑜扥杵坜牯摬挮潳਍坞牯摬昮൸䤊尺楔汬꓃灭摡氠番瑤步楮屫牐橯步屴潓湵偤潲敪瑣㈨㄰⤲䑜扥杵坜牯摬挮潳਍坞牯摬昮൸䤊尺楔汬꓃灭摡氠番瑤步楮屫牐橯步屴潓湵偤潲敪瑣㈨㄰⤲䑜扥杵坜牯摬挮潳਍坞牯摬昮൸䤊尺楔汬꓃灭摡氠番瑤步楮屫牐橯步屴潓湵偤潲敪瑣㈨㄰⤲䑜扥杵坜牯摬挮潳਍坞牯摬昮൸䤊尺楔汬꓃灭摡氠番瑤步楮屫牐橯步屴潓湵偤潲敪瑣㈨㄰⤲䑜扥杵坜牯摬挮潳਍坞牯摬昮൸䤊尺楔汬꓃灭摡氠番瑤步楮屫牐橯步屴潓湵偤潲敪瑣㈨㄰⤲䑜扥杵坜牯摬挮潳਍坞牯摬昮൸䤊尺楔汬꓃灭摡氠番瑤步楮屫牐橯步屴潓湵偤潲敪瑣㈨㄰⤲䑜扥杵坜牯摬挮潳਍坞牯摬昮൸䤊尺楔汬꓃灭摡氠番瑤步楮屫牐橯步屴潓湵偤潲敪瑣㈨㄰⤲䑜扥杵坜牯摬挮潳਍坞牯摬昮൸䤊尺楔汬꓃灭摡氠番瑤步楮屫牐橯步屴潓湵偤潲敪瑣㈨㄰⤲䑜扥杵坜牯摬挮潳਍坞牯摬昮൸䤊尺楔汬꓃灭摡氠番瑤步楮屫牐橯步屴潓湵偤潲敪瑣㈨㄰⤲䑜扥杵坜牯摬挮潳਍坞牯摬昮൸䤊尺楔汬꓃灭摡氠番瑤步楮屫牐橯步屴潓湵偤潲敪瑣㈨㄰⤲䑜扥杵坜牯摬挮潳਍坞牯摬昮൸䤊尺楔汬꓃灭摡氠番瑤步楮屫牐橯步屴潓湵偤潲敪瑣㈨㄰⤲䑜扥杵坜牯摬挮潳਍坞牯摬昮൸䤊尺楔汬꓃灭摡氠番瑤步楮屫牐橯步屴潓湵偤潲敪瑣㈨㄰⤲䑜扥杵坜牯摬挮潳਍坞牯摬昮൸䤊尺楔汬꓃灭摡氠番瑤步楮屫牐橯步屴潓湵偤潲敪瑣㈨㄰⤲䑜扥杵坜牯摬挮潳਍坞牯摬昮൸䤊尺楔汬꓃灭摡氠番瑤步楮屫牐橯步屴潓湵偤潲敪瑣㈨㄰⤲䑜扥杵坜牯摬挮潳਍坞牯摬昮൸䤊尺楔汬꓃灭摡氠番瑤步楮屫牐橯步屴潓湵偤潲敪瑣㈨㄰⤲䑜扥杵坜牯摬挮潳਍坞牯摬昮൸䤊尺楔汬꓃灭摡氠番瑤步楮屫牐橯步屴潓湵偤潲敪瑣㈨㄰⤲䑜扥杵坜牯摬挮潳਍坞牯摬昮൸䤊尺楔汬꓃灭摡氠番瑤步楮屫牐橯步屴潓湵偤潲敪瑣㈨㄰⤲䑜扥杵坜牯摬挮潳਍坞牯摬昮൸䤊尺楔汬꓃灭摡氠番瑤步楮屫牐橯步屴潓湵偤潲敪瑣㈨㄰⤲䑜扥杵坜牯摬挮潳਍坞牯摬昮൸䤊尺楔汬꓃灭摡氠番瑤步楮屫牐橯步屴潓湵偤潲敪瑣㈨㄰⤲䑜扥杵坜牯摬挮潳਍坞牯摬昮൸䤊尺楔汬꓃灭摡氠番瑤步楮屫牐橯步屴潓湵偤潲敪瑣㈨㄰⤲䑜扥杵坜牯摬挮潳਍坞牯摬昮൸䤊尺楔汬꓃灭摡氠番瑤步楮屫牐橯步屴潓湵偤潲敪瑣㈨㄰⤲䑜扥杵坜牯摬挮潳਍坞牯摬昮൸䤊尺楔汬꓃灭摡氠番瑤步楮屫牐橯步屴潓湵偤潲敪瑣㈨㄰⤲䑜扥杵坜牯摬挮潳਍坞牯摬昮൸䤊尺楔汬꓃灭摡氠番瑤步楮屫牐橯步屴潓湵偤潲敪瑣㈨㄰⤲䑜扥杵坜牯摬挮潳਍坞牯摬昮൸䤊尺楔汬꓃灭摡氠番瑤步楮屫牐橯步屴潓湵偤潲敪瑣㈨㄰⤲䑜扥杵坜牯摬挮潳਍坞牯摬昮൸䤊尺楔汬꓃灭摡氠番瑤步楮屫牐橯步屴潓湵偤潲敪瑣㈨㄰⤲䑜扥杵坜牯摬挮潳਍坞牯摬昮൸䤊尺楔汬꓃灭摡氠番瑤步楮屫牐橯步屴潓湵偤潲敪瑣㈨㄰⤲䑜扥杵坜牯摬挮潳਍坞牯摬昮൸䤊尺楔汬꓃灭摡氠番瑤步楮屫牐橯步屴潓湵偤潲敪瑣㈨㄰⤲䑜扥杵坜牯摬挮潳਍坞牯摬昮൸䤊尺楔汬꓃灭摡氠番瑤步楮屫牐橯步屴潓湵偤潲敪瑣㈨㄰⤲䑜扥杵坜牯摬挮潳਍坞牯摬昮൸䤊尺楔汬꓃灭摡氠番瑤步楮屫牐橯步屴潓湵偤潲敪瑣㈨㄰⤲䑜扥杵坜牯摬挮潳਍坞牯摬昮൸䤊尺楔汬꓃灭摡氠番瑤步楮屫牐橯步屴潓湵偤潲敪瑣㈨㄰⤲䑜扥杵坜牯摬挮潳਍坞牯摬昮൸䤊尺楔汬꓃灭摡氠番瑤步楮屫牐橯步屴潓湵偤潲敪瑣㈨㄰⤲䑜扥杵坜牯摬挮潳਍坞牯摬昮൸䤊尺楔汬꓃灭摡氠番瑤步楮屫牐橯步屴潓湵偤潲敪瑣㈨㄰⤲䑜扥杵坜牯摬挮潳਍坞牯摬昮൸䤊尺楔汬꓃灭摡氠番瑤步楮屫牐橯步屴潓湵偤潲敪瑣㈨㄰⤲䑜扥杵坜牯摬挮潳਍坞牯摬昮൸䤊尺楔汬꓃灭摡氠番瑤步楮屫牐橯步屴潓湵偤潲敪瑣㈨㄰⤲䑜扥杵坜牯摬挮潳਍坞牯摬昮൸䤊尺楔汬꓃灭摡氠番瑤步楮屫牐橯步屴潓湵偤潲敪瑣㈨㄰⤲䑜扥杵坜牯摬挮潳਍坞牯摬昮൸䤊尺楔汬꓃灭摡氠番瑤步楮屫牐橯步屴潓湵偤潲敪瑣㈨㄰⤲䑜扥杵坜牯摬挮潳਍坞牯摬昮൸䤊尺楔汬꓃灭摡氠番瑤步楮屫牐橯步屴潓湵偤潲敪瑣㈨㄰⤲䑜扥杵坜牯摬挮潳਍坞牯摬昮൸䤊尺楔汬꓃灭摡氠番瑤步楮屫牐橯步屴潓湵偤潲敪瑣㈨㄰⤲䑜扥杵坜牯摬挮潳਍坞牯摬昮൸䤊尺楔汬꓃灭摡氠番瑤步楮屫牐橯步屴潓湵偤潲敪瑣㈨㄰⤲䑜扥杵坜牯摬挮潳਍坞牯摬昮൸䤊尺楔汬꓃灭摡氠番瑤步楮屫牐橯步屴潓湵偤潲敪瑣㈨㄰⤲䑜扥杵坜牯摬挮潳਍坞牯摬昮൸䤊尺楔汬꓃灭摡氠番瑤步楮屫牐橯步屴潓湵偤潲敪瑣㈨㄰⤲䑜扥杵坜牯摬挮潳਍坞牯摬昮൸䤊尺楔汬꓃灭摡氠番瑤步楮屫牐橯步屴潓湵偤潲敪瑣㈨㄰⤲䑜扥杵坜牯摬挮潳਍坞牯摬昮൸䤊尺楔汬꓃灭摡氠番瑤步楮屫牐橯步屴潓湵偤潲敪瑣㈨㄰⤲䑜扥杵坜牯摬挮潳਍坞牯摬昮൸䤊尺楔汬꓃灭摡氠番瑤步楮屫牐橯步屴潓湵偤潲敪瑣㈨㄰⤲䑜扥杵坜牯摬挮潳਍坞牯摬昮൸䤊尺楔汬꓃灭摡氠番瑤步楮屫牐橯步屴潓湵偤潲敪瑣㈨㄰⤲䑜扥杵坜牯摬挮潳਍坞牯摬昮൸䤊尺楔汬꓃灭摡氠番瑤步楮屫牐橯步屴潓湵偤潲敪瑣㈨㄰⤲䑜扥杵坜牯摬挮潳਍坞牯摬昮൸䤊尺楔汬꓃灭摡氠番瑤步楮屫牐橯步屴潓湵偤潲敪瑣㈨㄰⤲䑜扥杵坜牯摬挮潳਍坞牯摬昮൸䤊尺楔汬꓃灭摡氠番瑤步楮屫牐橯步屴潓湵偤潲敪瑣㈨㄰⤲䑜扥杵坜牯摬挮潳਍坞牯摬昮൸䤊尺楔汬꓃灭摡氠番瑤步楮屫牐橯步屴潓湵偤潲敪瑣㈨㄰⤲䑜扥杵坜牯摬挮潳਍坞牯摬昮൸䤊尺楔汬꓃灭摡氠番瑤步楮屫牐橯步屴潓湵偤潲敪瑣㈨㄰⤲䑜扥杵坜牯摬挮潳਍坞牯摬昮൸䤊尺楔汬꓃灭摡氠番瑤步楮屫牐橯步屴潓湵偤潲敪瑣㈨㄰⤲䑜扥杵坜牯摬挮潳਍坞牯摬昮൸䤊尺楔汬꓃灭摡氠番瑤步楮屫牐橯步屴潓湵偤潲敪瑣㈨㄰⤲䑜扥杵坜牯摬挮潳਍坞牯摬昮൸䤊尺楔汬꓃灭摡氠番瑤步楮屫牐橯步屴潓湵偤潲敪瑣㈨㄰⤲䑜扥杵坜牯摬挮潳਍坞牯摬昮൸䤊尺楔汬꓃灭摡氠番瑤步楮屫牐橯步屴潓湵偤潲敪瑣㈨㄰⤲䑜扥杵坜牯摬挮潳਍坞牯摬昮൸䤊尺楔汬꓃灭摡氠番瑤步楮屫牐橯步屴潓湵偤潲敪瑣㈨㄰⤲䑜扥杵坜牯摬挮潳਍坞牯摬昮൸䤊尺楔汬꓃灭摡氠番瑤步楮屫牐橯步屴潓湵偤潲敪瑣㈨㄰⤲䑜扥杵坜牯摬挮潳਍坞牯摬昮൸䤊尺楔汬꓃灭摡氠番瑤步楮屫牐橯步屴潓湵偤潲敪瑣㈨㄰⤲䑜扥杵坜牯摬挮潳਍坞牯摬昮൸䤊尺楔汬꓃灭摡氠番瑤步楮屫牐橯步屴潓湵偤潲敪瑣㈨㄰⤲䑜扥杵坜牯摬挮潳਍坞牯摬昮൸䤊尺楔汬꓃灭摡氠番瑤步楮屫牐橯步屴潓湵偤潲敪瑣㈨㄰⤲䑜扥杵坜牯摬挮潳਍坞牯摬昮൸䤊尺楔汬꓃灭摡氠番瑤步楮屫牐橯步屴潓湵偤潲敪瑣卜畯摮牐橯捥⡴〲㈱尩敄畢屧潗汲⹤獣൯帊潗汲⹤硦਍㩉呜汩썬涤慰⁤橬摵整湫歩停潲敪瑫卜畯摮牐橯捥屴潓湵偤潲敪瑣㈨㄰⤲䑜扥杵坜牯摬挮潳਍坞牯摬昮൸䤊尺楔汬꓃灭摡氠番瑤步楮屫牐橯步屴潓湵偤潲敪瑣卜畯摮牐橯捥⡴〲㈱尩敄畢屧潗汲⹤獣൯帊潗汲⹤硦਍㩉呜汩썬涤慰⁤橬摵整湫歩停潲敪瑫卜畯摮牐橯捥屴潓湵偤潲敪瑣㈨㄰⤲䑜扥杵坜牯摬挮潳਍坞牯摬昮൸䤊尺楔汬꓃灭摡氠番瑤步楮屫牐橯步屴潓湵偤潲敪瑣卜畯摮牐橯捥⡴〲㈱尩敄畢屧潗汲⹤獣൯帊潗汲⹤硦਍㩉呜汩썬涤慰⁤橬摵整湫歩停潲敪瑫卜畯摮牐橯捥屴潓湵偤潲敪瑣㈨㄰⤲䑜扥杵坜牯摬挮潳਍坞牯摬昮൸䤊尺楔汬꓃灭摡氠番瑤步楮屫牐橯步屴潓湵偤潲敪瑣卜畯摮牐橯捥⡴〲㈱尩敄畢屧潗汲⹤獣൯帊潗汲⹤硦਍㩉呜汩썬涤慰⁤橬摵整湫歩停潲敪瑫卜畯摮牐橯捥屴潓湵偤潲敪瑣㈨㄰⤲䑜扥杵坜牯摬挮潳਍坞牯摬昮൸䤊尺楔汬꓃灭摡氠番瑤步楮屫牐橯步屴潓湵偤潲敪瑣卜畯摮牐橯捥⡴〲㈱尩敄畢屧潗汲⹤獣൯帊潗汲⹤硦਍㩉呜汩썬涤慰⁤橬摵整湫歩停潲敪瑫卜畯摮牐橯捥屴潓湵偤潲敪瑣㈨㄰⤲䑜扥杵坜牯摬挮潳਍坞牯摬昮൸䤊尺楔汬꓃灭摡氠番瑤步楮屫牐橯步屴潓湵偤潲敪瑣卜畯摮牐橯捥⡴〲㈱尩敄畢屧潗汲⹤獣൯帊潗汲⹤硦਍㩉呜汩썬涤慰⁤橬摵整湫歩停潲敪瑫卜畯摮牐橯捥屴潓湵偤潲敪瑣㈨㄰⤲䑜扥杵坜牯摬挮潳਍坞牯摬昮൸䤊尺楔汬꓃灭摡氠番瑤步楮屫牐橯步屴潓湵偤潲敪瑣卜畯摮牐橯捥⡴〲㈱尩敄畢屧潗汲⹤獣൯帊潗汲⹤硦਍㩉呜汩썬涤慰⁤橬摵整湫歩停潲敪瑫卜畯摮牐橯捥屴潓湵偤潲敪瑣㈨㄰⤲䑜扥杵坜牯摬挮潳਍坞牯摬昮൸䤊尺楔汬꓃灭摡氠番瑤步楮屫牐橯步屴潓湵偤潲敪瑣卜畯摮牐橯捥⡴〲㈱尩敄畢屧潗汲⹤獣൯帊潗汲⹤硦਍㩉呜汩썬涤慰⁤橬摵整湫歩停潲敪瑫卜畯摮牐橯捥屴潓湵偤潲敪瑣㈨㄰⤲䑜扥杵坜牯摬挮潳਍坞牯摬昮൸䤊尺楔汬꓃灭摡氠番瑤步楮屫牐橯步屴潓湵偤潲敪瑣卜畯摮牐橯捥⡴〲㈱尩敄畢屧潗汲⹤獣൯帊潗汲⹤硦਍㩉呜汩썬涤慰⁤橬摵整湫歩停潲敪瑫卜畯摮牐橯捥屴潓湵偤潲敪瑣㈨㄰⤲䑜扥杵坜牯摬挮潳਍坞牯摬昮൸䤊尺楔汬꓃灭摡氠番瑤步楮屫牐橯步屴潓湵偤潲敪瑣卜畯摮牐橯捥⡴〲㈱尩敄畢屧潗汲⹤獣൯帊潗汲⹤硦਍㩉呜汩썬涤慰⁤橬摵整湫歩停潲敪瑫卜畯摮牐橯捥屴潓湵偤潲敪瑣㈨㄰⤲䑜扥杵坜牯摬挮潳਍坞牯摬昮൸䤊尺楔汬꓃灭摡氠番瑤步楮屫牐橯步屴潓湵偤潲敪瑣卜畯摮牐橯捥⡴〲㈱尩敄畢屧潗汲⹤獣൯帊潗汲⹤硦਍㩉呜汩썬涤慰⁤橬摵整湫歩停潲敪瑫卜畯摮牐橯捥屴潓湵偤潲敪瑣㈨㄰⤲䑜扥杵坜牯摬挮潳਍坞牯摬昮൸䤊尺楔汬꓃灭摡氠番瑤步楮屫牐橯步屴潓湵偤潲敪瑣卜畯摮牐橯捥⡴〲㈱尩敄畢屧潗汲⹤獣൯帊潗汲⹤硦਍㩉呜汩썬涤慰⁤橬摵整湫歩停潲敪瑫卜畯摮牐橯捥屴潓湵偤潲敪瑣㈨㄰⤲䑜扥杵坜牯摬挮潳਍坞牯摬昮൸䤊尺楔汬꓃灭摡氠番瑤步楮屫牐橯步屴潓湵偤潲敪瑣卜畯摮牐橯捥⡴〲㈱尩敄畢屧潗汲⹤獣൯帊潗汲⹤硦਍㩉呜汩썬涤慰⁤橬摵整湫歩停潲敪瑫卜畯摮牐橯捥屴潓湵偤潲敪瑣㈨㄰⤲䑜扥杵坜牯摬挮潳਍坞牯摬昮൸䤊尺楔汬꓃灭摡氠番瑤步楮屫牐橯步屴潓湵偤潲敪瑣卜畯摮牐橯捥⡴〲㈱尩敄畢屧潗汲⹤獣൯帊潗汲⹤硦਍㩉呜汩썬涤慰⁤橬摵整湫歩停潲敪瑫卜畯摮牐橯捥屴潓湵偤潲敪瑣㈨㄰⤲䑜扥杵坜牯摬挮潳਍坞牯摬昮൸䤊尺楔汬꓃灭摡氠番瑤步楮屫牐橯步屴潓湵偤潲敪瑣卜畯摮牐橯捥⡴〲㈱尩敄畢屧潗汲⹤獣൯帊潗汲⹤硦਍㩉呜汩썬涤慰⁤橬摵整湫歩停潲敪瑫卜畯摮牐橯捥屴潓湵偤潲敪瑣㈨㄰⤲䑜扥杵坜牯摬挮潳਍坞牯摬昮൸䤊尺楔汬꓃灭摡氠番瑤步楮屫牐橯步屴潓湵偤潲敪瑣卜畯摮牐橯捥⡴〲㈱尩敄畢屧潗汲⹤獣൯
I:\Tillämpad ljudteknik\Projekt\SoundProject\SoundProject(2012)\SoundProject(2012)\Debug\Camera.obj
I:\Tillämpad ljudteknik\Projekt\SoundProject\SoundProject(2012)\SoundProject(2012)\Debug\Loader.obj
I:\Tillämpad ljudteknik\Projekt\SoundProject\SoundProject(2012)\SoundProject(2012)\Debug\Main.obj
I:\Tillämpad ljudteknik\Projekt\SoundProject\SoundProject(2012)\SoundProject(2012)\Debug\Object.obj
I:\Tillämpad ljudteknik\Projekt\SoundProject\SoundProject(2012)\SoundProject(2012)\Debug\ObjHandler.obj
I:\Tillämpad ljudteknik\Projekt\SoundProject\SoundProject(2012)\SoundProject(2012)\Debug\Terrain.obj
I:\Tillämpad ljudteknik\Projekt\SoundProject\SoundProject(2012)\SoundProject(2012)\Debug\cl.command.1.tlog
I:\Tillämpad ljudteknik\Projekt\SoundProject\SoundProject(2012)\SoundProject(2012)\Debug\CL.read.1.tlog
I:\Tillämpad ljudteknik\Projekt\SoundProject\SoundProject(2012)\SoundProject(2012)\Debug\CL.write.1.tlog
I:\Tillämpad ljudteknik\Projekt\SoundProject\SoundProject(2012)\SoundProject(2012)\Debug\link-cvtres.read.1.tlog
I:\Tillämpad ljudteknik\Projekt\SoundProject\SoundProject(2012)\SoundProject(2012)\Debug\link-cvtres.write.1.tlog
I:\Tillämpad ljudteknik\Projekt\SoundProject\SoundProject(2012)\SoundProject(2012)\Debug\link-rc.read.1.tlog
I:\Tillämpad ljudteknik\Projekt\SoundProject\SoundProject(2012)\SoundProject(2012)\Debug\link-rc.write.1.tlog
I:\Tillämpad ljudteknik\Projekt\SoundProject\SoundProject(2012)\SoundProject(2012)\Debug\link.2940-cvtres.read.1.tlog
I:\Tillämpad ljudteknik\Projekt\SoundProject\SoundProject(2012)\SoundProject(2012)\Debug\link.2940-cvtres.write.1.tlog
I:\Tillämpad ljudteknik\Projekt\SoundProject\SoundProject(2012)\SoundProject(2012)\Debug\link.2940-rc.read.1.tlog
I:\Tillämpad ljudteknik\Projekt\SoundProject\SoundProject(2012)\SoundProject(2012)\Debug\link.2940-rc.write.1.tlog
I:\Tillämpad ljudteknik\Projekt\SoundProject\SoundProject(2012)\SoundProject(2012)\Debug\link.2940.read.1.tlog
I:\Tillämpad ljudteknik\Projekt\SoundProject\SoundProject(2012)\SoundProject(2012)\Debug\link.2940.write.1.tlog
I:\Tillämpad ljudteknik\Projekt\SoundProject\SoundProject(2012)\SoundProject(2012)\Debug\link.468.read.1.tlog
I:\Tillämpad ljudteknik\Projekt\SoundProject\SoundProject(2012)\SoundProject(2012)\Debug\link.468.write.1.tlog
I:\Tillämpad ljudteknik\Projekt\SoundProject\SoundProject(2012)\SoundProject(2012)\Debug\link.6244-cvtres.read.1.tlog
I:\Tillämpad ljudteknik\Projekt\SoundProject\SoundProject(2012)\SoundProject(2012)\Debug\link.6244-cvtres.write.1.tlog
I:\Tillämpad ljudteknik\Projekt\SoundProject\SoundProject(2012)\SoundProject(2012)\Debug\link.6244-rc.read.1.tlog
I:\Tillämpad ljudteknik\Projekt\SoundProject\SoundProject(2012)\SoundProject(2012)\Debug\link.6244-rc.write.1.tlog
I:\Tillämpad ljudteknik\Projekt\SoundProject\SoundProject(2012)\SoundProject(2012)\Debug\link.6244.read.1.tlog
I:\Tillämpad ljudteknik\Projekt\SoundProject\SoundProject(2012)\SoundProject(2012)\Debug\link.6244.write.1.tlog
I:\Tillämpad ljudteknik\Projekt\SoundProject\SoundProject(2012)\SoundProject(2012)\Debug\link.6996-cvtres.read.1.tlog
I:\Tillämpad ljudteknik\Projekt\SoundProject\SoundProject(2012)\SoundProject(2012)\Debug\link.6996-cvtres.write.1.tlog
I:\Tillämpad ljudteknik\Projekt\SoundProject\SoundProject(2012)\SoundProject(2012)\Debug\link.6996-rc.read.1.tlog
I:\Tillämpad ljudteknik\Projekt\SoundProject\SoundProject(2012)\SoundProject(2012)\Debug\link.6996-rc.write.1.tlog
I:\Tillämpad ljudteknik\Projekt\SoundProject\SoundProject(2012)\SoundProject(2012)\Debug\link.6996.read.1.tlog
I:\Tillämpad ljudteknik\Projekt\SoundProject\SoundProject(2012)\SoundProject(2012)\Debug\link.6996.write.1.tlog
I:\Tillämpad ljudteknik\Projekt\SoundProject\SoundProject(2012)\SoundProject(2012)\Debug\link.8196-cvtres.read.1.tlog
I:\Tillämpad ljudteknik\Projekt\SoundProject\SoundProject(2012)\SoundProject(2012)\Debug\link.8196-cvtres.write.1.tlog
I:\Tillämpad ljudteknik\Projekt\SoundProject\SoundProject(2012)\SoundProject(2012)\Debug\link.8196-rc.read.1.tlog
I:\Tillämpad ljudteknik\Projekt\SoundProject\SoundProject(2012)\SoundProject(2012)\Debug\link.8196-rc.write.1.tlog
I:\Tillämpad ljudteknik\Projekt\SoundProject\SoundProject(2012)\SoundProject(2012)\Debug\link.8196.read.1.tlog
I:\Tillämpad ljudteknik\Projekt\SoundProject\SoundProject(2012)\SoundProject(2012)\Debug\link.8196.write.1.tlog
I:\Tillämpad ljudteknik\Projekt\SoundProject\SoundProject(2012)\SoundProject(2012)\Debug\link.9172-cvtres.read.1.tlog
I:\Tillämpad ljudteknik\Projekt\SoundProject\SoundProject(2012)\SoundProject(2012)\Debug\link.9172-cvtres.write.1.tlog
I:\Tillämpad ljudteknik\Projekt\SoundProject\SoundProject(2012)\SoundProject(2012)\Debug\link.9172-rc.read.1.tlog
I:\Tillämpad ljudteknik\Projekt\SoundProject\SoundProject(2012)\SoundProject(2012)\Debug\link.9172-rc.write.1.tlog
I:\Tillämpad ljudteknik\Projekt\SoundProject\SoundProject(2012)\SoundProject(2012)\Debug\link.9172.read.1.tlog
I:\Tillämpad ljudteknik\Projekt\SoundProject\SoundProject(2012)\SoundProject(2012)\Debug\link.9172.write.1.tlog
I:\Tillämpad ljudteknik\Projekt\SoundProject\SoundProject(2012)\SoundProject(2012)\Debug\link.command.1.tlog
I:\Tillämpad ljudteknik\Projekt\SoundProject\SoundProject(2012)\SoundProject(2012)\Debug\link.read.1.tlog
I:\Tillämpad ljudteknik\Projekt\SoundProject\SoundProject(2012)\SoundProject(2012)\Debug\link.write.1.tlog
I:\Tillämpad ljudteknik\Projekt\SoundProject\SoundProject(2012)\SoundProject(2012)\Debug\SoundProject(2012).write.1.tlog
I:\Tillämpad ljudteknik\Projekt\SoundProject\SoundProject(2012)\SoundProject(2012)\Debug\vc110.idb
I:\Tillämpad ljudteknik\Projekt\SoundProject\SoundProject(2012)\SoundProject(2012)\Debug\vc110.pdb
I:\Tillämpad ljudteknik\Projekt\SoundProject\SoundProject(2012)\Debug\SoundProject(2012).pdb
